2025-12-08 18:14:42,292 - __main__ - INFO - ============================================================
2025-12-08 18:14:42,293 - __main__ - INFO - СТАРТ ПРИЛОЖЕНИЯ ПАЗЛ ВКУСОВ
2025-12-08 18:14:42,293 - __main__ - INFO - ============================================================
2025-12-08 18:14:42,293 - __main__ - INFO - Папка data: C:\Users\Panda\PycharmProjects\Taste_Puzzle\data
2025-12-08 18:14:42,293 - __main__ - INFO - Папка img: C:\Users\Panda\PycharmProjects\Taste_Puzzle\img
2025-12-08 18:14:42,294 - __main__ - INFO - Папка recipe_images: C:\Users\Panda\PycharmProjects\Taste_Puzzle\recipe_images
2025-12-08 18:14:42,294 - __main__ - INFO - Проект инициализирован в: C:\Users\Panda\PycharmProjects\Taste_Puzzle
2025-12-08 18:14:42,294 - __main__ - INFO - Создание QApplication...
2025-12-08 18:14:42,316 - __main__ - INFO - Доступные стили Qt: windowsvista
2025-12-08 18:14:42,317 - __main__ - INFO - Стиль Fusion установлен
2025-12-08 18:14:42,324 - __main__ - INFO - Иконка установлена
2025-12-08 18:14:42,324 - __main__ - INFO - Импорт модулей базы данных...
2025-12-08 18:14:43,207 - __main__ - INFO - Импорт модуля входа...
2025-12-08 18:14:43,219 - __main__ - INFO - Инициализация базы данных...
2025-12-08 18:14:43,220 - database - INFO - ============================================================
2025-12-08 18:14:43,220 - database - INFO - ИНИЦИАЛИЗАЦИЯ БАЗЫ ДАННЫХ (без created_at)
2025-12-08 18:14:43,220 - database - INFO - ============================================================
2025-12-08 18:14:43,220 - database - INFO - 📁 Базовая директория: C:\Users\Panda\PycharmProjects\Taste_Puzzle
2025-12-08 18:14:43,220 - database - INFO - ✅ Найдена база данных: C:\Users\Panda\PycharmProjects\Taste_Puzzle\data\Taste_Pazzle.db
2025-12-08 18:14:43,220 - database - INFO - 📁 Путь к базе данных: C:\Users\Panda\PycharmProjects\Taste_Puzzle\data\Taste_Pazzle.db
2025-12-08 18:14:43,256 - database - INFO - ✅ База данных инициализирована
2025-12-08 18:14:43,304 - database - INFO - ✅ Начальные данные инициализированы
2025-12-08 18:14:43,304 - __main__ - INFO - Создание окна входа...
2025-12-08 18:14:43,306 - __main__ - ERROR - Ошибка при запуске: LoginWindow.__init__() missing 1 required positional argument: 'on_login_success'
2025-12-08 18:32:49,848 - __main__ - INFO - ✅ Модули успешно импортированы
2025-12-08 18:32:49,848 - __main__ - INFO - ============================================================
2025-12-08 18:32:49,848 - __main__ - INFO - 🚀 ЗАПУСК ПРИЛОЖЕНИЯ 'ПАЗЛ ВКУСОВ'
2025-12-08 18:32:49,848 - __main__ - INFO - ============================================================
2025-12-08 18:32:49,848 - __main__ - INFO - Папка data: C:\Users\Panda\PycharmProjects\Taste_Puzzle\src\data
2025-12-08 18:32:49,849 - __main__ - INFO - Папка img: C:\Users\Panda\PycharmProjects\Taste_Puzzle\src\img
2025-12-08 18:32:49,849 - __main__ - INFO - Папка recipe_images: C:\Users\Panda\PycharmProjects\Taste_Puzzle\src\recipe_images
2025-12-08 18:32:49,849 - __main__ - INFO - 📁 Рабочая директория: C:\Users\Panda\PycharmProjects\Taste_Puzzle\src
2025-12-08 18:32:49,849 - __main__ - INFO - 📁 Текущая директория: C:\Users\Panda\PycharmProjects\Taste_Puzzle\src
2025-12-08 18:32:49,849 - __main__ - INFO - 🚀 Инициализация приложения 'Пазл Вкусов'
2025-12-08 18:32:49,870 - __main__ - WARNING - ⚠️ Иконка не найдена: C:\Users\Panda\PycharmProjects\Taste_Puzzle\src\img\ico2.ico
2025-12-08 18:32:49,870 - __main__ - INFO - 🔧 Инициализация базы данных...
2025-12-08 18:32:49,870 - database - INFO - ============================================================
2025-12-08 18:32:49,871 - database - INFO - ИНИЦИАЛИЗАЦИЯ БАЗЫ ДАННЫХ (без created_at)
2025-12-08 18:32:49,871 - database - INFO - ============================================================
2025-12-08 18:32:49,871 - database - INFO - 📁 Базовая директория: C:\Users\Panda\PycharmProjects\Taste_Puzzle
2025-12-08 18:32:49,871 - database - INFO - ✅ Найдена база данных: C:\Users\Panda\PycharmProjects\Taste_Puzzle\data\Taste_Pazzle.db
2025-12-08 18:32:49,871 - database - INFO - 📁 Путь к базе данных: C:\Users\Panda\PycharmProjects\Taste_Puzzle\data\Taste_Pazzle.db
2025-12-08 18:32:49,888 - database - INFO - ✅ База данных инициализирована
2025-12-08 18:32:49,910 - database - INFO - ✅ Начальные данные инициализированы
2025-12-08 18:32:49,911 - __main__ - INFO - ✅ База данных инициализирована успешно
2025-12-08 18:32:49,911 - __main__ - INFO - 🔐 Проверка автоматического входа...
2025-12-08 18:32:49,911 - __main__ - INFO - 🔍 Проверка авто-входа: auto_login=False, user_id=None
2025-12-08 18:32:49,911 - __main__ - INFO - 📝 Показ окна входа...
2025-12-08 18:32:49,911 - __main__ - INFO - 🖼️ Создание окна входа...
2025-12-08 18:32:49,972 - __main__ - INFO - ✅ Окно входа создано и показано
2025-12-08 18:32:49,972 - __main__ - INFO - ▶️ Запуск основного цикла приложения...
2025-12-08 18:44:41,015 - main_window - ERROR - ❌ Ошибка импорта RecipeDialog: No module named 'recipe_dialog'
2025-12-08 18:44:41,016 - __main__ - INFO - ✅ Модули успешно импортированы
2025-12-08 18:44:41,016 - __main__ - INFO - ============================================================
2025-12-08 18:44:41,016 - __main__ - INFO - 🚀 ЗАПУСК ПРИЛОЖЕНИЯ 'ПАЗЛ ВКУСОВ'
2025-12-08 18:44:41,016 - __main__ - INFO - ============================================================
2025-12-08 18:44:41,017 - __main__ - INFO - Папка data: C:\Users\Panda\PycharmProjects\Taste_Puzzle\src\data
2025-12-08 18:44:41,017 - __main__ - INFO - Папка img: C:\Users\Panda\PycharmProjects\Taste_Puzzle\src\img
2025-12-08 18:44:41,017 - __main__ - INFO - Папка recipe_images: C:\Users\Panda\PycharmProjects\Taste_Puzzle\src\recipe_images
2025-12-08 18:44:41,017 - __main__ - INFO - 📁 Рабочая директория: C:\Users\Panda\PycharmProjects\Taste_Puzzle\src
2025-12-08 18:44:41,017 - __main__ - INFO - 📁 Текущая директория: C:\Users\Panda\PycharmProjects\Taste_Puzzle\src
2025-12-08 18:44:41,017 - __main__ - INFO - 🚀 Инициализация приложения 'Пазл Вкусов'
2025-12-08 18:44:41,040 - __main__ - WARNING - ⚠️ Иконка не найдена: C:\Users\Panda\PycharmProjects\Taste_Puzzle\src\img\ico2.ico
2025-12-08 18:44:41,040 - __main__ - INFO - 🔧 Инициализация базы данных...
2025-12-08 18:44:41,040 - database - INFO - ============================================================
2025-12-08 18:44:41,040 - database - INFO - ИНИЦИАЛИЗАЦИЯ БАЗЫ ДАННЫХ (без created_at)
2025-12-08 18:44:41,040 - database - INFO - ============================================================
2025-12-08 18:44:41,040 - database - INFO - 📁 Базовая директория: C:\Users\Panda\PycharmProjects\Taste_Puzzle
2025-12-08 18:44:41,041 - database - INFO - ✅ Найдена база данных: C:\Users\Panda\PycharmProjects\Taste_Puzzle\data\Taste_Pazzle.db
2025-12-08 18:44:41,041 - database - INFO - 📁 Путь к базе данных: C:\Users\Panda\PycharmProjects\Taste_Puzzle\data\Taste_Pazzle.db
2025-12-08 18:44:41,057 - database - INFO - ✅ База данных инициализирована
2025-12-08 18:44:41,078 - database - INFO - ✅ Начальные данные инициализированы
2025-12-08 18:44:41,078 - __main__ - INFO - ✅ База данных инициализирована успешно
2025-12-08 18:44:41,078 - __main__ - INFO - 🔐 Проверка автоматического входа...
2025-12-08 18:44:41,079 - __main__ - INFO - 🔍 Проверка авто-входа: auto_login=False, user_id=None
2025-12-08 18:44:41,079 - __main__ - INFO - 📝 Показ окна входа...
2025-12-08 18:44:41,079 - __main__ - INFO - 🖼️ Создание окна входа...
2025-12-08 18:44:41,149 - __main__ - INFO - ✅ Окно входа создано и показано
2025-12-08 18:44:41,149 - __main__ - INFO - ▶️ Запуск основного цикла приложения...
2025-12-08 18:55:33,308 - __main__ - INFO - ✅ Базовые модули импортированы
2025-12-08 18:55:33,308 - __main__ - INFO - 📁 Корень проекта: C:\Users\Panda\PycharmProjects\Taste_Puzzle\src
2025-12-08 18:55:33,308 - __main__ - WARNING - ⚠️ Папка не найдена: C:\Users\Panda\PycharmProjects\Taste_Puzzle\src\data
2025-12-08 18:55:33,309 - __main__ - ERROR - ❌ Критическая ошибка: папка data не найдена!
2025-12-08 18:55:33,309 - __main__ - WARNING - ⚠️ Папка не найдена: C:\Users\Panda\PycharmProjects\Taste_Puzzle\src\img
2025-12-08 18:55:33,309 - __main__ - WARNING - ⚠️ Папка не найдена: C:\Users\Panda\PycharmProjects\Taste_Puzzle\src\img\recipe_img
2025-12-08 18:55:33,309 - __main__ - INFO - 🚀 Инициализация приложения
2025-12-08 18:55:33,348 - __main__ - INFO - ✅ Установлена иконка: C:\Users\Panda\PycharmProjects\Taste_Puzzle\src\..\img\ico2.ico
2025-12-08 18:55:33,348 - __main__ - INFO - 🔧 Инициализация базы данных...
2025-12-08 18:55:33,348 - database - INFO - ============================================================
2025-12-08 18:55:33,348 - database - INFO - ИНИЦИАЛИЗАЦИЯ БАЗЫ ДАННЫХ (без created_at)
2025-12-08 18:55:33,348 - database - INFO - ============================================================
2025-12-08 18:55:33,348 - database - INFO - 📁 Базовая директория: C:\Users\Panda\PycharmProjects\Taste_Puzzle
2025-12-08 18:55:33,349 - database - INFO - ✅ Найдена база данных: C:\Users\Panda\PycharmProjects\Taste_Puzzle\data\Taste_Pazzle.db
2025-12-08 18:55:33,349 - database - INFO - 📁 Путь к базе данных: C:\Users\Panda\PycharmProjects\Taste_Puzzle\data\Taste_Pazzle.db
2025-12-08 18:55:33,366 - database - INFO - ✅ База данных инициализирована
2025-12-08 18:55:33,398 - database - INFO - ✅ Начальные данные инициализированы
2025-12-08 18:55:33,399 - __main__ - INFO - ✅ База данных инициализирована
2025-12-08 18:55:33,399 - __main__ - INFO - 🔍 Автовход: False, user_id: None
2025-12-08 18:55:33,399 - __main__ - INFO - 📝 Показ окна входа
2025-12-08 18:55:33,399 - __main__ - INFO - 🖼️ Создание окна входа
2025-12-08 18:55:33,463 - __main__ - INFO - ✅ Окно входа создано
2025-12-08 18:55:33,463 - __main__ - INFO - ▶️ Запуск основного цикла
2025-12-08 19:04:47,229 - __main__ - INFO - ✅ Базовые модули импортированы
2025-12-08 19:04:47,230 - __main__ - INFO - 📁 Корень проекта: C:\Users\Panda\PycharmProjects\Taste_Puzzle\src
2025-12-08 19:04:47,230 - __main__ - WARNING - ⚠️ Папка не найдена: C:\Users\Panda\PycharmProjects\Taste_Puzzle\src\data
2025-12-08 19:04:47,230 - __main__ - ERROR - ❌ Критическая ошибка: папка data не найдена!
2025-12-08 19:04:47,230 - __main__ - WARNING - ⚠️ Папка не найдена: C:\Users\Panda\PycharmProjects\Taste_Puzzle\src\img
2025-12-08 19:04:47,230 - __main__ - WARNING - ⚠️ Папка не найдена: C:\Users\Panda\PycharmProjects\Taste_Puzzle\src\img\recipe_img
2025-12-08 19:04:47,230 - __main__ - INFO - 🚀 Инициализация приложения
2025-12-08 19:04:47,259 - __main__ - INFO - ✅ Установлена иконка: C:\Users\Panda\PycharmProjects\Taste_Puzzle\src\..\img\ico2.ico
2025-12-08 19:04:47,259 - __main__ - INFO - 🔧 Инициализация базы данных...
2025-12-08 19:04:47,259 - database - INFO - ============================================================
2025-12-08 19:04:47,259 - database - INFO - ПРОВЕРКА СТРУКТУРЫ ПРОЕКТА
2025-12-08 19:04:47,259 - database - INFO - ============================================================
2025-12-08 19:04:47,259 - database - INFO - ✅ Папка 'data' существует: C:\Users\Panda\PycharmProjects\Taste_Puzzle\data
2025-12-08 19:04:47,259 - database - INFO - 📄 Содержимое папки 'data':
2025-12-08 19:04:47,260 - database - INFO -    - Taste_Pazzle.db (131072 байт)
2025-12-08 19:04:47,260 - database - INFO - ✅ Папка 'img' существует: C:\Users\Panda\PycharmProjects\Taste_Puzzle\img
2025-12-08 19:04:47,260 - database - INFO - ✅ Папка 'src' существует: C:\Users\Panda\PycharmProjects\Taste_Puzzle\src
2025-12-08 19:04:47,260 - database - INFO - 📁 Ожидаемый путь к БД: C:\Users\Panda\PycharmProjects\Taste_Puzzle\data\Taste_Puzzle.db
2025-12-08 19:04:47,260 - database - INFO - 📁 Файл БД существует: False
2025-12-08 19:04:47,260 - database - INFO - 📁 Текущая рабочая директория: C:\Users\Panda\PycharmProjects\Taste_Puzzle\src
2025-12-08 19:04:47,260 - database - INFO - 📁 Файл database.py: C:\Users\Panda\PycharmProjects\Taste_Puzzle\src\database.py
2025-12-08 19:04:47,260 - database - INFO - ============================================================
2025-12-08 19:04:47,260 - database - INFO - 📁 Режим разработки, base_path: C:\Users\Panda\PycharmProjects\Taste_Puzzle
2025-12-08 19:04:47,260 - database - INFO - 📁 Путь к БД: C:\Users\Panda\PycharmProjects\Taste_Puzzle\data\Taste_Puzzle.db
2025-12-08 19:04:47,260 - database - INFO - 📁 Файл БД существует: False
2025-12-08 19:04:47,260 - database - WARNING - ⚠️ БД не найдена по основному пути, проверяем альтернативы...
2025-12-08 19:04:47,261 - database - INFO - ✅ БД найдена по альтернативному пути: C:\Users\Panda\PycharmProjects\Taste_Puzzle\data\Taste_Pazzle.db
2025-12-08 19:04:47,261 - database - INFO - 🔧 Используется база данных: C:\Users\Panda\PycharmProjects\Taste_Puzzle\data\Taste_Pazzle.db
2025-12-08 19:04:47,261 - database - INFO - 🔧 Файл существует: True
2025-12-08 19:04:47,261 - database - INFO - 📊 Размер файла БД: 131072 байт (128.00 КБ)
2025-12-08 19:04:47,276 - database - INFO - ✅ Подключение к БД успешно. Таблицы: ['sqlite_sequence', 'Users', 'Favorites', 'Nutrition', 'Recipe_ingredients', 'Categories', 'Ingredients', 'Recipe_categories', 'Cuisines', 'Cart', 'Cooked_recipes', 'Dish_types', 'Recipes']
2025-12-08 19:04:47,276 - __main__ - INFO - ✅ База данных инициализирована
2025-12-08 19:04:47,276 - __main__ - INFO - 🔍 Автовход: False, user_id: None
2025-12-08 19:04:47,276 - __main__ - INFO - 📝 Показ окна входа
2025-12-08 19:04:47,276 - __main__ - INFO - 🖼️ Создание окна входа
2025-12-08 19:04:47,335 - __main__ - INFO - ✅ Окно входа создано
2025-12-08 19:04:47,335 - __main__ - INFO - ▶️ Запуск основного цикла
2025-12-08 19:05:15,017 - __main__ - INFO - ✅ Базовые модули импортированы
2025-12-08 19:05:15,017 - __main__ - INFO - 📁 Корень проекта: C:\Users\Panda\PycharmProjects\Taste_Puzzle\src
2025-12-08 19:05:15,017 - __main__ - WARNING - ⚠️ Папка не найдена: C:\Users\Panda\PycharmProjects\Taste_Puzzle\src\data
2025-12-08 19:05:15,017 - __main__ - ERROR - ❌ Критическая ошибка: папка data не найдена!
2025-12-08 19:05:15,018 - __main__ - WARNING - ⚠️ Папка не найдена: C:\Users\Panda\PycharmProjects\Taste_Puzzle\src\img
2025-12-08 19:05:15,018 - __main__ - WARNING - ⚠️ Папка не найдена: C:\Users\Panda\PycharmProjects\Taste_Puzzle\src\img\recipe_img
2025-12-08 19:05:15,018 - __main__ - INFO - 🚀 Инициализация приложения
2025-12-08 19:05:15,045 - __main__ - INFO - ✅ Установлена иконка: C:\Users\Panda\PycharmProjects\Taste_Puzzle\src\..\img\ico2.ico
2025-12-08 19:05:15,045 - __main__ - INFO - 🔧 Инициализация базы данных...
2025-12-08 19:05:15,045 - database - INFO - ============================================================
2025-12-08 19:05:15,045 - database - INFO - ПРОВЕРКА СТРУКТУРЫ ПРОЕКТА
2025-12-08 19:05:15,045 - database - INFO - ============================================================
2025-12-08 19:05:15,045 - database - INFO - ✅ Папка 'data' существует: C:\Users\Panda\PycharmProjects\Taste_Puzzle\data
2025-12-08 19:05:15,045 - database - INFO - 📄 Содержимое папки 'data':
2025-12-08 19:05:15,045 - database - INFO -    - Taste_Pazzle.db (131072 байт)
2025-12-08 19:05:15,046 - database - INFO - ✅ Папка 'img' существует: C:\Users\Panda\PycharmProjects\Taste_Puzzle\img
2025-12-08 19:05:15,046 - database - INFO - ✅ Папка 'src' существует: C:\Users\Panda\PycharmProjects\Taste_Puzzle\src
2025-12-08 19:05:15,046 - database - INFO - 📁 Ожидаемый путь к БД: C:\Users\Panda\PycharmProjects\Taste_Puzzle\data\Taste_Puzzle.db
2025-12-08 19:05:15,046 - database - INFO - 📁 Файл БД существует: False
2025-12-08 19:05:15,046 - database - INFO - 📁 Текущая рабочая директория: C:\Users\Panda\PycharmProjects\Taste_Puzzle\src
2025-12-08 19:05:15,046 - database - INFO - 📁 Файл database.py: C:\Users\Panda\PycharmProjects\Taste_Puzzle\src\database.py
2025-12-08 19:05:15,046 - database - INFO - ============================================================
2025-12-08 19:05:15,046 - database - INFO - 📁 Режим разработки, base_path: C:\Users\Panda\PycharmProjects\Taste_Puzzle
2025-12-08 19:05:15,046 - database - INFO - 📁 Путь к БД: C:\Users\Panda\PycharmProjects\Taste_Puzzle\data\Taste_Puzzle.db
2025-12-08 19:05:15,046 - database - INFO - 📁 Файл БД существует: False
2025-12-08 19:05:15,046 - database - WARNING - ⚠️ БД не найдена по основному пути, проверяем альтернативы...
2025-12-08 19:05:15,046 - database - INFO - ✅ БД найдена по альтернативному пути: C:\Users\Panda\PycharmProjects\Taste_Puzzle\data\Taste_Pazzle.db
2025-12-08 19:05:15,047 - database - INFO - 🔧 Используется база данных: C:\Users\Panda\PycharmProjects\Taste_Puzzle\data\Taste_Pazzle.db
2025-12-08 19:05:15,047 - database - INFO - 🔧 Файл существует: True
2025-12-08 19:05:15,047 - database - INFO - 📊 Размер файла БД: 131072 байт (128.00 КБ)
2025-12-08 19:05:15,061 - database - INFO - ✅ Подключение к БД успешно. Таблицы: ['sqlite_sequence', 'Users', 'Favorites', 'Nutrition', 'Recipe_ingredients', 'Categories', 'Ingredients', 'Recipe_categories', 'Cuisines', 'Cart', 'Cooked_recipes', 'Dish_types', 'Recipes']
2025-12-08 19:05:15,062 - __main__ - INFO - ✅ База данных инициализирована
2025-12-08 19:05:15,062 - __main__ - INFO - 🔍 Автовход: False, user_id: None
2025-12-08 19:05:15,062 - __main__ - INFO - 📝 Показ окна входа
2025-12-08 19:05:15,062 - __main__ - INFO - 🖼️ Создание окна входа
2025-12-08 19:05:15,117 - __main__ - INFO - ✅ Окно входа создано
2025-12-08 19:05:15,118 - __main__ - INFO - ▶️ Запуск основного цикла
2025-12-08 19:05:16,514 - __main__ - INFO - ⏹️ Приложение завершено с кодом: 0
2025-12-08 19:28:46,337 - __main__ - INFO - ✅ Базовые модули импортированы
2025-12-08 19:28:46,338 - __main__ - INFO - 📁 Корень проекта: C:\Users\Panda\PycharmProjects\Taste_Puzzle\src
2025-12-08 19:28:46,338 - __main__ - WARNING - ⚠️ Папка не найдена: C:\Users\Panda\PycharmProjects\Taste_Puzzle\src\data
2025-12-08 19:28:46,338 - __main__ - ERROR - ❌ Критическая ошибка: папка data не найдена!
2025-12-08 19:28:46,338 - __main__ - WARNING - ⚠️ Папка не найдена: C:\Users\Panda\PycharmProjects\Taste_Puzzle\src\img
2025-12-08 19:28:46,338 - __main__ - WARNING - ⚠️ Папка не найдена: C:\Users\Panda\PycharmProjects\Taste_Puzzle\src\img\recipe_img
2025-12-08 19:28:46,338 - __main__ - INFO - 🚀 Инициализация приложения
2025-12-08 19:28:46,368 - __main__ - INFO - ✅ Установлена иконка: C:\Users\Panda\PycharmProjects\Taste_Puzzle\src\..\img\ico2.ico
2025-12-08 19:28:46,368 - __main__ - INFO - 🔧 Инициализация базы данных...
2025-12-08 19:28:46,368 - database - INFO - ============================================================
2025-12-08 19:28:46,368 - database - INFO - ПРОВЕРКА СТРУКТУРЫ ПРОЕКТА
2025-12-08 19:28:46,368 - database - INFO - ============================================================
2025-12-08 19:28:46,368 - database - INFO - ✅ Папка 'data' существует: C:\Users\Panda\PycharmProjects\Taste_Puzzle\data
2025-12-08 19:28:46,368 - database - INFO - 📄 Содержимое папки 'data':
2025-12-08 19:28:46,369 - database - INFO -    - Taste_Pazzle.db (131072 байт)
2025-12-08 19:28:46,369 - database - INFO - ✅ Папка 'img' существует: C:\Users\Panda\PycharmProjects\Taste_Puzzle\img
2025-12-08 19:28:46,369 - database - INFO - ✅ Папка 'src' существует: C:\Users\Panda\PycharmProjects\Taste_Puzzle\src
2025-12-08 19:28:46,369 - database - INFO - 📁 Ожидаемый путь к БД: C:\Users\Panda\PycharmProjects\Taste_Puzzle\data\Taste_Puzzle.db
2025-12-08 19:28:46,369 - database - INFO - 📁 Файл БД существует: False
2025-12-08 19:28:46,369 - database - INFO - 📁 Текущая рабочая директория: C:\Users\Panda\PycharmProjects\Taste_Puzzle\src
2025-12-08 19:28:46,369 - database - INFO - 📁 Файл database.py: C:\Users\Panda\PycharmProjects\Taste_Puzzle\src\database.py
2025-12-08 19:28:46,369 - database - INFO - ============================================================
2025-12-08 19:28:46,369 - database - INFO - ✅ БД найдена: C:\Users\Panda\PycharmProjects\Taste_Puzzle\data\Taste_Pazzle.db
2025-12-08 19:28:46,369 - database - INFO - 🔧 Используется база данных: C:\Users\Panda\PycharmProjects\Taste_Puzzle\data\Taste_Pazzle.db
2025-12-08 19:28:46,369 - database - INFO - 🔧 Файл существует: True
2025-12-08 19:28:46,370 - database - INFO - 📊 Размер файла БД: 131072 байт (128.00 КБ)
2025-12-08 19:28:46,385 - database - INFO - ✅ Подключение к БД успешно. Таблицы: ['sqlite_sequence', 'Users', 'Favorites', 'Nutrition', 'Recipe_ingredients', 'Categories', 'Ingredients', 'Recipe_categories', 'Cuisines', 'Cart', 'Cooked_recipes', 'Dish_types', 'Recipes']
2025-12-08 19:28:46,385 - __main__ - INFO - ✅ База данных инициализирована
2025-12-08 19:28:46,386 - __main__ - INFO - 🔍 Автовход: False, user_id: None
2025-12-08 19:28:46,386 - __main__ - INFO - 📝 Показ окна входа
2025-12-08 19:28:46,386 - __main__ - INFO - 🖼️ Создание окна входа
2025-12-08 19:28:46,447 - __main__ - INFO - ✅ Окно входа создано
2025-12-08 19:28:46,447 - __main__ - INFO - ▶️ Запуск основного цикла
2025-12-08 19:28:54,924 - database - ERROR - ❌ Ошибка аутентификации: 'DataBase' object has no attribute 'User'
2025-12-08 19:29:35,636 - __main__ - INFO - ✅ Базовые модули импортированы
2025-12-08 19:29:35,636 - __main__ - INFO - 📁 Корень проекта: C:\Users\Panda\PycharmProjects\Taste_Puzzle\src
2025-12-08 19:29:35,636 - __main__ - WARNING - ⚠️ Папка не найдена: C:\Users\Panda\PycharmProjects\Taste_Puzzle\src\data
2025-12-08 19:29:35,637 - __main__ - ERROR - ❌ Критическая ошибка: папка data не найдена!
2025-12-08 19:29:35,637 - __main__ - WARNING - ⚠️ Папка не найдена: C:\Users\Panda\PycharmProjects\Taste_Puzzle\src\img
2025-12-08 19:29:35,637 - __main__ - WARNING - ⚠️ Папка не найдена: C:\Users\Panda\PycharmProjects\Taste_Puzzle\src\img\recipe_img
2025-12-08 19:29:35,637 - __main__ - INFO - 🚀 Инициализация приложения
2025-12-08 19:29:35,668 - __main__ - INFO - ✅ Установлена иконка: C:\Users\Panda\PycharmProjects\Taste_Puzzle\src\..\img\ico2.ico
2025-12-08 19:29:35,668 - __main__ - INFO - 🔧 Инициализация базы данных...
2025-12-08 19:29:35,668 - database - INFO - ============================================================
2025-12-08 19:29:35,668 - database - INFO - ПРОВЕРКА СТРУКТУРЫ ПРОЕКТА
2025-12-08 19:29:35,668 - database - INFO - ============================================================
2025-12-08 19:29:35,668 - database - INFO - ✅ Папка 'data' существует: C:\Users\Panda\PycharmProjects\Taste_Puzzle\data
2025-12-08 19:29:35,669 - database - INFO - 📄 Содержимое папки 'data':
2025-12-08 19:29:35,669 - database - INFO -    - Taste_Pazzle.db (131072 байт)
2025-12-08 19:29:35,669 - database - INFO - ✅ Папка 'img' существует: C:\Users\Panda\PycharmProjects\Taste_Puzzle\img
2025-12-08 19:29:35,669 - database - INFO - ✅ Папка 'src' существует: C:\Users\Panda\PycharmProjects\Taste_Puzzle\src
2025-12-08 19:29:35,669 - database - INFO - 📁 Ожидаемый путь к БД: C:\Users\Panda\PycharmProjects\Taste_Puzzle\data\Taste_Puzzle.db
2025-12-08 19:29:35,669 - database - INFO - 📁 Файл БД существует: False
2025-12-08 19:29:35,669 - database - INFO - 📁 Текущая рабочая директория: C:\Users\Panda\PycharmProjects\Taste_Puzzle\src
2025-12-08 19:29:35,669 - database - INFO - 📁 Файл database.py: C:\Users\Panda\PycharmProjects\Taste_Puzzle\src\database.py
2025-12-08 19:29:35,669 - database - INFO - ============================================================
2025-12-08 19:29:35,669 - database - INFO - ✅ БД найдена: C:\Users\Panda\PycharmProjects\Taste_Puzzle\data\Taste_Pazzle.db
2025-12-08 19:29:35,669 - database - INFO - 🔧 Используется база данных: C:\Users\Panda\PycharmProjects\Taste_Puzzle\data\Taste_Pazzle.db
2025-12-08 19:29:35,670 - database - INFO - 🔧 Файл существует: True
2025-12-08 19:29:35,670 - database - INFO - 📊 Размер файла БД: 131072 байт (128.00 КБ)
2025-12-08 19:29:35,684 - database - INFO - ✅ Подключение к БД успешно. Таблицы: ['sqlite_sequence', 'Users', 'Favorites', 'Nutrition', 'Recipe_ingredients', 'Categories', 'Ingredients', 'Recipe_categories', 'Cuisines', 'Cart', 'Cooked_recipes', 'Dish_types', 'Recipes']
2025-12-08 19:29:35,684 - __main__ - INFO - ✅ База данных инициализирована
2025-12-08 19:29:35,684 - __main__ - INFO - 🔍 Автовход: False, user_id: None
2025-12-08 19:29:35,684 - __main__ - INFO - 📝 Показ окна входа
2025-12-08 19:29:35,684 - __main__ - INFO - 🖼️ Создание окна входа
2025-12-08 19:29:35,742 - __main__ - INFO - ✅ Окно входа создано
2025-12-08 19:29:35,742 - __main__ - INFO - ▶️ Запуск основного цикла
2025-12-08 19:35:48,251 - __main__ - INFO - ✅ Модули импортированы успешно
2025-12-08 19:35:48,251 - __main__ - INFO - 🚀 Инициализация приложения
2025-12-08 19:35:48,277 - __main__ - INFO - ✅ Установлена иконка: C:\Users\Panda\PycharmProjects\Taste_Puzzle\img\ico2.ico
2025-12-08 19:35:48,278 - __main__ - INFO - 🔧 Инициализация базы данных...
2025-12-08 19:35:48,278 - database - INFO - ✅ База данных найдена: C:\Users\Panda\PycharmProjects\Taste_Puzzle\data\Taste_Pazzle.db
2025-12-08 19:35:48,278 - database - INFO - 🔧 Подключение к базе данных: C:\Users\Panda\PycharmProjects\Taste_Puzzle\data\Taste_Pazzle.db
2025-12-08 19:35:48,329 - database - INFO - ✅ Начальные данные инициализированы
2025-12-08 19:35:48,331 - database - ERROR - ❌ Ошибка миграции данных: (sqlite3.OperationalError) no such column: recipes.title
[SQL: SELECT recipes.id AS recipes_id, recipes.title AS recipes_title, recipes.description AS recipes_description, recipes.instructions AS recipes_instructions, recipes.ingredients_data AS recipes_ingredients_data, recipes.nutrition_data AS recipes_nutrition_data, recipes.dish_type_id AS recipes_dish_type_id, recipes.cuisine_id AS recipes_cuisine_id, recipes.image_path AS recipes_image_path, recipes.cooking_time AS recipes_cooking_time, recipes.servings AS recipes_servings, recipes.user_id AS recipes_user_id, recipes.created_at AS recipes_created_at, recipes.name AS recipes_name, recipes.instruction AS recipes_instruction, recipes.image AS recipes_image, recipes.cook_time AS recipes_cook_time, recipes.external_url AS recipes_external_url 
FROM recipes]
(Background on this error at: https://sqlalche.me/e/21/e3q8)
2025-12-08 19:35:48,331 - database - INFO - ✅ База данных успешно инициализирована
2025-12-08 19:35:48,331 - __main__ - INFO - ✅ База данных инициализирована
2025-12-08 19:35:48,393 - __main__ - INFO - ✅ Окно входа показано
2025-12-08 19:35:48,393 - __main__ - INFO - ▶️ Запуск основного цикла
2025-12-08 19:42:49,923 - __main__ - INFO - ✅ Модули импортированы успешно
2025-12-08 19:42:49,924 - __main__ - INFO - 🚀 Инициализация приложения
2025-12-08 19:42:49,949 - __main__ - INFO - ✅ Установлена иконка: C:\Users\Panda\PycharmProjects\Taste_Puzzle\img\ico2.ico
2025-12-08 19:42:49,949 - __main__ - INFO - 🔧 Инициализация базы данных...
2025-12-08 19:42:49,949 - database - INFO - 🔍 Поиск БД в корне проекта: C:\Users\Panda\PycharmProjects\Taste_Puzzle
2025-12-08 19:42:49,949 - database - INFO - ✅ База данных найдена: C:\Users\Panda\PycharmProjects\Taste_Puzzle\Taste_Pazzle.db
2025-12-08 19:42:49,949 - database - INFO - 📊 Размер файла: 131072 байт
2025-12-08 19:42:49,950 - database - INFO - 🔧 Подключение к базе данных: C:\Users\Panda\PycharmProjects\Taste_Puzzle\Taste_Pazzle.db
2025-12-08 19:42:49,950 - database - INFO - 📊 Размер БД: 131072 байт (0.12 МБ)
2025-12-08 19:42:49,966 - database - INFO - ✅ Подключение успешно. Таблиц в БД: 14
2025-12-08 19:42:49,966 - database - INFO - ✅ База данных успешно инициализирована
2025-12-08 19:42:49,966 - __main__ - INFO - ✅ База данных инициализирована
2025-12-08 19:42:50,021 - __main__ - INFO - ✅ Окно входа показано
2025-12-08 19:42:50,021 - __main__ - INFO - ▶️ Запуск основного цикла
